TN:
SF:C:/dev/college/2017-2018/web/semester-2/testing/src/polyfills.ts
FNF:0
FNH:0
DA:41,1
DA:42,1
DA:56,1
LF:3
LH:3
BRF:0
BRH:0
end_of_record
TN:
SF:C:/dev/college/2017-2018/web/semester-2/testing/src/test.ts
FN:20,(anonymous_0)
FNF:1
FNH:1
FNDA:1,(anonymous_0)
DA:3,1
DA:4,1
DA:5,1
DA:6,1
DA:7,1
DA:8,1
DA:9,1
DA:10,1
DA:20,1
DA:23,1
DA:28,1
DA:30,1
DA:32,1
LF:13
LH:13
BRF:0
BRH:0
end_of_record
TN:
SF:C:/dev/college/2017-2018/web/semester-2/testing/src/app/01-fundamentals/compute.ts
FN:1,compute
FNF:1
FNH:1
FNDA:2,compute
DA:1,1
DA:2,2
DA:3,1
DA:4,1
LF:4
LH:4
BRDA:2,0,0,1
BRDA:2,0,1,1
BRF:2
BRH:2
end_of_record
TN:
SF:C:/dev/college/2017-2018/web/semester-2/testing/src/app/02-arrays-and-strings/getCurrencies.ts
FN:1,getCurrencies
FNF:1
FNH:1
FNDA:3,getCurrencies
DA:1,1
DA:2,3
LF:2
LH:2
BRF:0
BRH:0
end_of_record
TN:
SF:C:/dev/college/2017-2018/web/semester-2/testing/src/app/02-arrays-and-strings/greet.ts
FN:1,greet
FNF:1
FNH:1
FNDA:1,greet
DA:1,1
DA:2,1
LF:2
LH:2
BRF:0
BRH:0
end_of_record
TN:
SF:C:/dev/college/2017-2018/web/semester-2/testing/src/app/03-components/vote.component.ts
FN:1,(anonymous_0)
FN:4,(anonymous_2)
FN:8,(anonymous_3)
FN:12,(anonymous_4)
FNF:4
FNH:4
FNDA:3,(anonymous_0)
FNDA:1,(anonymous_2)
FNDA:1,(anonymous_3)
FNDA:2,(anonymous_4)
DA:1,1
DA:2,2
DA:4,1
DA:5,1
DA:8,1
DA:9,1
DA:12,1
DA:13,2
DA:15,1
LF:9
LH:9
BRF:0
BRH:0
end_of_record
TN:
SF:C:/dev/college/2017-2018/web/semester-2/testing/src/app/04-forms/todo.component.ts
FN:3,(anonymous_0)
FN:6,TodoFormComponent
FNF:2
FNH:2
FNDA:1,(anonymous_0)
FNDA:3,TodoFormComponent
DA:1,1
DA:3,1
DA:7,3
DA:13,1
LF:4
LH:4
BRF:0
BRH:0
end_of_record
TN:
SF:C:/dev/college/2017-2018/web/semester-2/testing/src/app/05-event-emitter/vote.component.ts
FN:3,(anonymous_0)
FN:7,(anonymous_2)
FN:12,(anonymous_3)
FN:17,(anonymous_4)
FNF:4
FNH:4
FNDA:3,(anonymous_0)
FNDA:1,(anonymous_2)
FNDA:1,(anonymous_3)
FNDA:2,(anonymous_4)
DA:1,1
DA:3,1
DA:4,2
DA:5,2
DA:7,1
DA:8,1
DA:9,1
DA:12,1
DA:13,1
DA:14,1
DA:17,1
DA:18,2
DA:20,1
LF:13
LH:13
BRF:0
BRH:0
end_of_record
TN:
SF:C:/dev/college/2017-2018/web/semester-2/testing/src/app/06-service-tests/todo.component.ts
FN:3,(anonymous_0)
FN:6,ToDoComponent
FN:10,(anonymous_2)
FN:11,(anonymous_3)
FN:14,(anonymous_4)
FN:15,(anonymous_5)
FN:18,(anonymous_6)
FN:24,(anonymous_7)
FNF:8
FNH:8
FNDA:1,(anonymous_0)
FNDA:7,ToDoComponent
FNDA:2,(anonymous_2)
FNDA:1,(anonymous_3)
FNDA:3,(anonymous_4)
FNDA:1,(anonymous_5)
FNDA:1,(anonymous_6)
FNDA:2,(anonymous_7)
DA:3,1
DA:4,7
DA:6,7
DA:10,2
DA:11,2
DA:14,3
DA:15,3
DA:16,1
DA:19,1
DA:24,1
DA:25,2
DA:26,1
DA:28,1
LF:13
LH:13
BRDA:25,0,0,1
BRDA:25,0,1,1
BRF:2
BRH:2
end_of_record
TN:
SF:C:/dev/college/2017-2018/web/semester-2/testing/src/app/06-service-tests/todo.service.ts
FN:5,(anonymous_0)
FN:6,ToDoService
FN:8,(anonymous_2)
FN:9,(anonymous_3)
FN:12,(anonymous_4)
FN:13,(anonymous_5)
FN:16,(anonymous_6)
FN:17,(anonymous_7)
FNF:8
FNH:2
FNDA:1,(anonymous_0)
FNDA:7,ToDoService
FNDA:0,(anonymous_2)
FNDA:0,(anonymous_3)
FNDA:0,(anonymous_4)
FNDA:0,(anonymous_5)
FNDA:0,(anonymous_6)
FNDA:0,(anonymous_7)
DA:2,1
DA:5,1
DA:6,7
DA:8,1
DA:9,0
DA:12,1
DA:13,0
DA:16,1
DA:17,0
DA:20,1
LF:10
LH:7
BRF:0
BRH:0
end_of_record
